Running: fuse.exe -relaunch -intstyle "ise" -incremental -o "C:/Users/micha/Pulpit/UCISW_2/testbench_isim_beh.exe" -prj "C:/Users/micha/Pulpit/UCISW_2/testbench_beh.prj" "work.testbench" 
ISim P.20131013 (signature 0x7708f090)
Number of CPUs detected in this system: 4
Turning on mult-threading, number of parallel sub-compilation jobs: 8 
Determining compilation order of HDL files
Parsing VHDL file "C:/Users/micha/Pulpit/UCISW_2/generator_dzialan.vhd" into library work
Parsing VHDL file "C:/Users/micha/Pulpit/UCISW_2/testbench.vhd" into library work
Starting static elaboration
Completed static elaboration
Compiling package standard
Compiling package std_logic_1164
Compiling package numeric_std
Compiling architecture behavioral of entity generator_dzialan [generator_dzialan_default]
Compiling architecture behavior of entity testbench
Time Resolution for simulation is 1ps.
WARNING:Simulator - Unable to copy libPortabilityNOSH.dll to the simulation executable directory: boost::filesystem::copy_file: System nie mo¿e odnale æ okre lonej  cie¿ki, "isim\testbench_isim_beh.exe.sim\libPortability.dll".
Compiled 6 VHDL Units
Built simulation executable C:/Users/micha/Pulpit/UCISW_2/testbench_isim_beh.exe
Fuse Memory Usage: 35900 KB
Fuse CPU Usage: 593 ms
